<?xml version="1.0" encoding="UTF-8"?>
<!-- Generated by org.testng.reporters.JUnitReportReporter -->
<testsuite skipped="0" hostname="Coalagroup-German" name="coala.MainClassEjecutarScripts" tests="1" failures="0" timestamp="18 abr 2018 19:22:25 GMT" time="25.816" errors="0">
  <testcase name="ejecutar" time="25.816" classname="coala.MainClassEjecutarScripts"/>
</testsuite> <!-- coala.MainClassEjecutarScripts -->
