<?xml version="1.0" encoding="UTF-8"?>
<!-- Generated by org.testng.reporters.JUnitReportReporter -->
<testsuite skipped="0" hostname="Coalagroup-German" name="coala.Demo" tests="1" failures="0" timestamp="18 abr 2018 19:22:25 GMT" time="15.743" errors="0">
  <testcase name="abrirChrome" time="15.743" classname="coala.Demo"/>
</testsuite> <!-- coala.Demo -->
